  [1m[35m (239.3ms)[0m  [1m[35mCREATE DATABASE "sys_estoque_development" ENCODING = 'unicode'[0m
  [1m[35m (88.9ms)[0m  [1m[35mCREATE DATABASE "sys_estoque_test" ENCODING = 'unicode'[0m
  [1m[35m (10.4ms)[0m  [1m[35mCREATE TABLE "schema_migrations" ("version" character varying NOT NULL PRIMARY KEY)[0m
  [1m[35m (3.2ms)[0m  [1m[35mCREATE TABLE "ar_internal_metadata" ("key" character varying NOT NULL PRIMARY KEY, "value" character varying, "created_at" timestamp(6) NOT NULL, "updated_at" timestamp(6) NOT NULL)[0m
  [1m[35m (0.2ms)[0m  [1m[34mSELECT pg_try_advisory_lock(2646436733581968495)[0m
  [1m[36mActiveRecord::SchemaMigration Load (0.9ms)[0m  [1m[34mSELECT "schema_migrations"."version" FROM "schema_migrations" ORDER BY "schema_migrations"."version" ASC[0m
  [1m[36mActiveRecord::InternalMetadata Load (1.4ms)[0m  [1m[34mSELECT * FROM "ar_internal_metadata" WHERE "ar_internal_metadata"."key" = $1 ORDER BY "ar_internal_metadata"."key" ASC LIMIT 1[0m  [[nil, "environment"]]
  [1m[36mActiveRecord::InternalMetadata Create (1.9ms)[0m  [1m[32mINSERT INTO "ar_internal_metadata" ("key", "value", "created_at", "updated_at") VALUES ('environment', 'development', '2024-09-03 23:33:48.578574', '2024-09-03 23:33:48.578576') RETURNING "key"[0m
Migrating to CreateEstoques (20240903232732)
  [1m[36mTRANSACTION (0.1ms)[0m  [1m[35mBEGIN[0m
  [1m[35m (8.0ms)[0m  [1m[35mCREATE TABLE "estoques" ("id" bigserial primary key, "produto" character varying NOT NULL, "quantidade" float, "preco_kg" float NOT NULL, "created_at" timestamp(6) NOT NULL, "updated_at" timestamp(6) NOT NULL)[0m
  [1m[36mActiveRecord::SchemaMigration Create (0.5ms)[0m  [1m[32mINSERT INTO "schema_migrations" ("version") VALUES ('20240903232732') RETURNING "version"[0m
  [1m[36mTRANSACTION (0.5ms)[0m  [1m[35mCOMMIT[0m
  [1m[35m (0.4ms)[0m  [1m[34mSELECT pg_advisory_unlock(2646436733581968495)[0m
  [1m[36mActiveRecord::SchemaMigration Load (0.2ms)[0m  [1m[34mSELECT "schema_migrations"."version" FROM "schema_migrations" ORDER BY "schema_migrations"."version" ASC[0m
  [1m[36mActiveRecord::SchemaMigration Load (2.2ms)[0m  [1m[34mSELECT "schema_migrations"."version" FROM "schema_migrations" ORDER BY "schema_migrations"."version" ASC[0m
  [1m[36mActiveRecord::InternalMetadata Load (1.4ms)[0m  [1m[34mSELECT * FROM "ar_internal_metadata" WHERE "ar_internal_metadata"."key" = $1 ORDER BY "ar_internal_metadata"."key" ASC LIMIT 1[0m  [[nil, "environment"]]
  [1m[36mActiveRecord::SchemaMigration Load (0.1ms)[0m  [1m[34mSELECT "schema_migrations"."version" FROM "schema_migrations" ORDER BY "schema_migrations"."version" ASC[0m
  [1m[36mActiveRecord::InternalMetadata Load (0.1ms)[0m  [1m[34mSELECT * FROM "ar_internal_metadata" WHERE "ar_internal_metadata"."key" = $1 ORDER BY "ar_internal_metadata"."key" ASC LIMIT 1[0m  [[nil, "environment"]]
  [1m[36mActiveRecord::SchemaMigration Load (0.1ms)[0m  [1m[34mSELECT "schema_migrations"."version" FROM "schema_migrations" ORDER BY "schema_migrations"."version" ASC[0m
  [1m[36mActiveRecord::InternalMetadata Load (0.2ms)[0m  [1m[34mSELECT * FROM "ar_internal_metadata" WHERE "ar_internal_metadata"."key" = $1 ORDER BY "ar_internal_metadata"."key" ASC LIMIT 1[0m  [[nil, "environment"]]
  [1m[35m (55.6ms)[0m  [1m[35mDROP DATABASE IF EXISTS "sys_estoque_development"[0m
  [1m[35m (33.0ms)[0m  [1m[35mDROP DATABASE IF EXISTS "sys_estoque_test"[0m
  [1m[35m (110.8ms)[0m  [1m[35mCREATE DATABASE "sys_estoque_development" ENCODING = 'unicode'[0m
  [1m[35m (65.3ms)[0m  [1m[35mCREATE DATABASE "sys_estoque_test" ENCODING = 'unicode'[0m
  [1m[35mSQL (0.5ms)[0m  [1m[35mCREATE EXTENSION IF NOT EXISTS "plpgsql"[0m
  [1m[35m (0.1ms)[0m  [1m[35mDROP TABLE IF EXISTS "estoques" CASCADE[0m
  [1m[35m (4.7ms)[0m  [1m[35mCREATE TABLE "estoques" ("id" bigserial primary key, "produto" character varying NOT NULL, "quantidade" float, "preco_kg" float NOT NULL, "created_at" timestamp(6) NOT NULL, "updated_at" timestamp(6) NOT NULL)[0m
  [1m[35m (1.2ms)[0m  [1m[35mCREATE TABLE "schema_migrations" ("version" character varying NOT NULL PRIMARY KEY)[0m
  [1m[36mActiveRecord::SchemaMigration Load (0.2ms)[0m  [1m[34mSELECT "schema_migrations"."version" FROM "schema_migrations" ORDER BY "schema_migrations"."version" ASC[0m
  [1m[35m (1.3ms)[0m  [1m[32mINSERT INTO "schema_migrations" (version) VALUES (20240903232732)[0m
  [1m[35m (1.1ms)[0m  [1m[35mCREATE TABLE "ar_internal_metadata" ("key" character varying NOT NULL PRIMARY KEY, "value" character varying, "created_at" timestamp(6) NOT NULL, "updated_at" timestamp(6) NOT NULL)[0m
  [1m[36mActiveRecord::InternalMetadata Load (0.3ms)[0m  [1m[34mSELECT * FROM "ar_internal_metadata" WHERE "ar_internal_metadata"."key" = $1 ORDER BY "ar_internal_metadata"."key" ASC LIMIT 1[0m  [[nil, "environment"]]
  [1m[36mActiveRecord::InternalMetadata Create (0.2ms)[0m  [1m[32mINSERT INTO "ar_internal_metadata" ("key", "value", "created_at", "updated_at") VALUES ('environment', 'development', '2024-09-03 23:42:42.983729', '2024-09-03 23:42:42.983733') RETURNING "key"[0m
  [1m[36mActiveRecord::InternalMetadata Load (0.1ms)[0m  [1m[34mSELECT * FROM "ar_internal_metadata" WHERE "ar_internal_metadata"."key" = $1 ORDER BY "ar_internal_metadata"."key" ASC LIMIT 1[0m  [[nil, "environment"]]
  [1m[36mActiveRecord::InternalMetadata Load (0.1ms)[0m  [1m[34mSELECT * FROM "ar_internal_metadata" WHERE "ar_internal_metadata"."key" = $1 ORDER BY "ar_internal_metadata"."key" ASC LIMIT 1[0m  [[nil, "schema_sha1"]]
  [1m[36mActiveRecord::InternalMetadata Create (0.2ms)[0m  [1m[32mINSERT INTO "ar_internal_metadata" ("key", "value", "created_at", "updated_at") VALUES ('schema_sha1', 'ca34050435afd2eb4e1bb40fab2080ec6d79ba82', '2024-09-03 23:42:42.987689', '2024-09-03 23:42:42.987691') RETURNING "key"[0m
  [1m[35mSQL (0.2ms)[0m  [1m[35mCREATE EXTENSION IF NOT EXISTS "plpgsql"[0m
  [1m[35m (0.1ms)[0m  [1m[35mDROP TABLE IF EXISTS "estoques" CASCADE[0m
  [1m[35m (3.6ms)[0m  [1m[35mCREATE TABLE "estoques" ("id" bigserial primary key, "produto" character varying NOT NULL, "quantidade" float, "preco_kg" float NOT NULL, "created_at" timestamp(6) NOT NULL, "updated_at" timestamp(6) NOT NULL)[0m
  [1m[35m (1.4ms)[0m  [1m[35mCREATE TABLE "schema_migrations" ("version" character varying NOT NULL PRIMARY KEY)[0m
  [1m[36mActiveRecord::SchemaMigration Load (0.2ms)[0m  [1m[34mSELECT "schema_migrations"."version" FROM "schema_migrations" ORDER BY "schema_migrations"."version" ASC[0m
  [1m[35m (0.2ms)[0m  [1m[32mINSERT INTO "schema_migrations" (version) VALUES (20240903232732)[0m
  [1m[35m (1.6ms)[0m  [1m[35mCREATE TABLE "ar_internal_metadata" ("key" character varying NOT NULL PRIMARY KEY, "value" character varying, "created_at" timestamp(6) NOT NULL, "updated_at" timestamp(6) NOT NULL)[0m
  [1m[36mActiveRecord::InternalMetadata Load (0.3ms)[0m  [1m[34mSELECT * FROM "ar_internal_metadata" WHERE "ar_internal_metadata"."key" = $1 ORDER BY "ar_internal_metadata"."key" ASC LIMIT 1[0m  [[nil, "environment"]]
  [1m[36mActiveRecord::InternalMetadata Create (0.3ms)[0m  [1m[32mINSERT INTO "ar_internal_metadata" ("key", "value", "created_at", "updated_at") VALUES ('environment', 'development', '2024-09-03 23:42:43.044273', '2024-09-03 23:42:43.044275') RETURNING "key"[0m
  [1m[36mActiveRecord::InternalMetadata Load (0.1ms)[0m  [1m[34mSELECT * FROM "ar_internal_metadata" WHERE "ar_internal_metadata"."key" = $1 ORDER BY "ar_internal_metadata"."key" ASC LIMIT 1[0m  [[nil, "environment"]]
  [1m[36mActiveRecord::InternalMetadata Update (0.5ms)[0m  [1m[33mUPDATE "ar_internal_metadata" SET "value" = 'test', "updated_at" = '2024-09-03 23:42:43.045883' WHERE "ar_internal_metadata"."key" = 'environment'[0m
  [1m[36mActiveRecord::InternalMetadata Load (0.1ms)[0m  [1m[34mSELECT * FROM "ar_internal_metadata" WHERE "ar_internal_metadata"."key" = $1 ORDER BY "ar_internal_metadata"."key" ASC LIMIT 1[0m  [[nil, "schema_sha1"]]
  [1m[36mActiveRecord::InternalMetadata Create (0.2ms)[0m  [1m[32mINSERT INTO "ar_internal_metadata" ("key", "value", "created_at", "updated_at") VALUES ('schema_sha1', 'ca34050435afd2eb4e1bb40fab2080ec6d79ba82', '2024-09-03 23:42:43.047457', '2024-09-03 23:42:43.047458') RETURNING "key"[0m
  [1m[36mActiveRecord::SchemaMigration Load (0.3ms)[0m  [1m[34mSELECT "schema_migrations"."version" FROM "schema_migrations" ORDER BY "schema_migrations"."version" ASC[0m
  [1m[35m (0.2ms)[0m  [1m[34mSELECT pg_try_advisory_lock(2646436733581968495)[0m
  [1m[36mActiveRecord::SchemaMigration Load (1.0ms)[0m  [1m[34mSELECT "schema_migrations"."version" FROM "schema_migrations" ORDER BY "schema_migrations"."version" ASC[0m
  [1m[36mActiveRecord::InternalMetadata Load (1.4ms)[0m  [1m[34mSELECT * FROM "ar_internal_metadata" WHERE "ar_internal_metadata"."key" = $1 ORDER BY "ar_internal_metadata"."key" ASC LIMIT 1[0m  [[nil, "environment"]]
Migrating to CreateEstoques (20240903234456)
  [1m[36mTRANSACTION (0.1ms)[0m  [1m[35mBEGIN[0m
  [1m[35m (7.6ms)[0m  [1m[35mCREATE TABLE "estoques" ("id" bigserial primary key, "nome" character varying, "preco_kg" float, "quantidade" float, "desc" character varying, "lote" integer, "created_at" timestamp(6) NOT NULL, "updated_at" timestamp(6) NOT NULL)[0m
  [1m[36mTRANSACTION (0.1ms)[0m  [1m[31mROLLBACK[0m
  [1m[35m (0.2ms)[0m  [1m[34mSELECT pg_advisory_unlock(2646436733581968495)[0m
  [1m[36mActiveRecord::SchemaMigration Load (1.4ms)[0m  [1m[34mSELECT "schema_migrations"."version" FROM "schema_migrations" ORDER BY "schema_migrations"."version" ASC[0m
  [1m[36mActiveRecord::InternalMetadata Load (1.2ms)[0m  [1m[34mSELECT * FROM "ar_internal_metadata" WHERE "ar_internal_metadata"."key" = $1 ORDER BY "ar_internal_metadata"."key" ASC LIMIT 1[0m  [[nil, "environment"]]
  [1m[36mActiveRecord::SchemaMigration Load (0.2ms)[0m  [1m[34mSELECT "schema_migrations"."version" FROM "schema_migrations" ORDER BY "schema_migrations"."version" ASC[0m
  [1m[36mActiveRecord::InternalMetadata Load (0.2ms)[0m  [1m[34mSELECT * FROM "ar_internal_metadata" WHERE "ar_internal_metadata"."key" = $1 ORDER BY "ar_internal_metadata"."key" ASC LIMIT 1[0m  [[nil, "environment"]]
  [1m[36mActiveRecord::SchemaMigration Load (0.1ms)[0m  [1m[34mSELECT "schema_migrations"."version" FROM "schema_migrations" ORDER BY "schema_migrations"."version" ASC[0m
  [1m[36mActiveRecord::InternalMetadata Load (0.2ms)[0m  [1m[34mSELECT * FROM "ar_internal_metadata" WHERE "ar_internal_metadata"."key" = $1 ORDER BY "ar_internal_metadata"."key" ASC LIMIT 1[0m  [[nil, "environment"]]
  [1m[35m (204.6ms)[0m  [1m[35mDROP DATABASE IF EXISTS "sys_estoque_development"[0m
  [1m[35m (35.7ms)[0m  [1m[35mDROP DATABASE IF EXISTS "sys_estoque_test"[0m
  [1m[35m (84.5ms)[0m  [1m[35mCREATE DATABASE "sys_estoque_development" ENCODING = 'unicode'[0m
  [1m[35m (75.6ms)[0m  [1m[35mCREATE DATABASE "sys_estoque_test" ENCODING = 'unicode'[0m
  [1m[35mSQL (0.3ms)[0m  [1m[35mCREATE EXTENSION IF NOT EXISTS "plpgsql"[0m
  [1m[35m (0.1ms)[0m  [1m[35mDROP TABLE IF EXISTS "estoques" CASCADE[0m
  [1m[35m (3.7ms)[0m  [1m[35mCREATE TABLE "estoques" ("id" bigserial primary key, "produto" character varying NOT NULL, "quantidade" float, "preco_kg" float NOT NULL, "created_at" timestamp(6) NOT NULL, "updated_at" timestamp(6) NOT NULL)[0m
  [1m[35m (1.3ms)[0m  [1m[35mCREATE TABLE "schema_migrations" ("version" character varying NOT NULL PRIMARY KEY)[0m
  [1m[36mActiveRecord::SchemaMigration Load (0.2ms)[0m  [1m[34mSELECT "schema_migrations"."version" FROM "schema_migrations" ORDER BY "schema_migrations"."version" ASC[0m
  [1m[35m (1.2ms)[0m  [1m[32mINSERT INTO "schema_migrations" (version) VALUES (20240903232732)[0m
  [1m[35m (1.3ms)[0m  [1m[35mCREATE TABLE "ar_internal_metadata" ("key" character varying NOT NULL PRIMARY KEY, "value" character varying, "created_at" timestamp(6) NOT NULL, "updated_at" timestamp(6) NOT NULL)[0m
  [1m[36mActiveRecord::InternalMetadata Load (0.4ms)[0m  [1m[34mSELECT * FROM "ar_internal_metadata" WHERE "ar_internal_metadata"."key" = $1 ORDER BY "ar_internal_metadata"."key" ASC LIMIT 1[0m  [[nil, "environment"]]
  [1m[36mActiveRecord::InternalMetadata Create (0.3ms)[0m  [1m[32mINSERT INTO "ar_internal_metadata" ("key", "value", "created_at", "updated_at") VALUES ('environment', 'development', '2024-09-03 23:46:16.959573', '2024-09-03 23:46:16.959577') RETURNING "key"[0m
  [1m[36mActiveRecord::InternalMetadata Load (0.1ms)[0m  [1m[34mSELECT * FROM "ar_internal_metadata" WHERE "ar_internal_metadata"."key" = $1 ORDER BY "ar_internal_metadata"."key" ASC LIMIT 1[0m  [[nil, "environment"]]
  [1m[36mActiveRecord::InternalMetadata Load (0.1ms)[0m  [1m[34mSELECT * FROM "ar_internal_metadata" WHERE "ar_internal_metadata"."key" = $1 ORDER BY "ar_internal_metadata"."key" ASC LIMIT 1[0m  [[nil, "schema_sha1"]]
  [1m[36mActiveRecord::InternalMetadata Create (0.2ms)[0m  [1m[32mINSERT INTO "ar_internal_metadata" ("key", "value", "created_at", "updated_at") VALUES ('schema_sha1', 'ca34050435afd2eb4e1bb40fab2080ec6d79ba82', '2024-09-03 23:46:16.965453', '2024-09-03 23:46:16.965455') RETURNING "key"[0m
  [1m[35mSQL (0.1ms)[0m  [1m[35mCREATE EXTENSION IF NOT EXISTS "plpgsql"[0m
  [1m[35m (0.0ms)[0m  [1m[35mDROP TABLE IF EXISTS "estoques" CASCADE[0m
  [1m[35m (2.9ms)[0m  [1m[35mCREATE TABLE "estoques" ("id" bigserial primary key, "produto" character varying NOT NULL, "quantidade" float, "preco_kg" float NOT NULL, "created_at" timestamp(6) NOT NULL, "updated_at" timestamp(6) NOT NULL)[0m
  [1m[35m (1.1ms)[0m  [1m[35mCREATE TABLE "schema_migrations" ("version" character varying NOT NULL PRIMARY KEY)[0m
  [1m[36mActiveRecord::SchemaMigration Load (0.2ms)[0m  [1m[34mSELECT "schema_migrations"."version" FROM "schema_migrations" ORDER BY "schema_migrations"."version" ASC[0m
  [1m[35m (0.2ms)[0m  [1m[32mINSERT INTO "schema_migrations" (version) VALUES (20240903232732)[0m
  [1m[35m (1.4ms)[0m  [1m[35mCREATE TABLE "ar_internal_metadata" ("key" character varying NOT NULL PRIMARY KEY, "value" character varying, "created_at" timestamp(6) NOT NULL, "updated_at" timestamp(6) NOT NULL)[0m
  [1m[36mActiveRecord::InternalMetadata Load (0.3ms)[0m  [1m[34mSELECT * FROM "ar_internal_metadata" WHERE "ar_internal_metadata"."key" = $1 ORDER BY "ar_internal_metadata"."key" ASC LIMIT 1[0m  [[nil, "environment"]]
  [1m[36mActiveRecord::InternalMetadata Create (0.2ms)[0m  [1m[32mINSERT INTO "ar_internal_metadata" ("key", "value", "created_at", "updated_at") VALUES ('environment', 'development', '2024-09-03 23:46:17.013445', '2024-09-03 23:46:17.013447') RETURNING "key"[0m
  [1m[36mActiveRecord::InternalMetadata Load (0.1ms)[0m  [1m[34mSELECT * FROM "ar_internal_metadata" WHERE "ar_internal_metadata"."key" = $1 ORDER BY "ar_internal_metadata"."key" ASC LIMIT 1[0m  [[nil, "environment"]]
  [1m[36mActiveRecord::InternalMetadata Update (0.5ms)[0m  [1m[33mUPDATE "ar_internal_metadata" SET "value" = 'test', "updated_at" = '2024-09-03 23:46:17.014853' WHERE "ar_internal_metadata"."key" = 'environment'[0m
  [1m[36mActiveRecord::InternalMetadata Load (0.1ms)[0m  [1m[34mSELECT * FROM "ar_internal_metadata" WHERE "ar_internal_metadata"."key" = $1 ORDER BY "ar_internal_metadata"."key" ASC LIMIT 1[0m  [[nil, "schema_sha1"]]
  [1m[36mActiveRecord::InternalMetadata Create (0.2ms)[0m  [1m[32mINSERT INTO "ar_internal_metadata" ("key", "value", "created_at", "updated_at") VALUES ('schema_sha1', 'ca34050435afd2eb4e1bb40fab2080ec6d79ba82', '2024-09-03 23:46:17.016503', '2024-09-03 23:46:17.016504') RETURNING "key"[0m
  [1m[36mActiveRecord::SchemaMigration Load (0.3ms)[0m  [1m[34mSELECT "schema_migrations"."version" FROM "schema_migrations" ORDER BY "schema_migrations"."version" ASC[0m
  [1m[35m (0.1ms)[0m  [1m[34mSELECT pg_try_advisory_lock(2646436733581968495)[0m
  [1m[36mActiveRecord::SchemaMigration Load (1.0ms)[0m  [1m[34mSELECT "schema_migrations"."version" FROM "schema_migrations" ORDER BY "schema_migrations"."version" ASC[0m
  [1m[36mActiveRecord::InternalMetadata Load (1.0ms)[0m  [1m[34mSELECT * FROM "ar_internal_metadata" WHERE "ar_internal_metadata"."key" = $1 ORDER BY "ar_internal_metadata"."key" ASC LIMIT 1[0m  [[nil, "environment"]]
Migrating to CreateEstoques (20240903234456)
  [1m[36mTRANSACTION (0.1ms)[0m  [1m[35mBEGIN[0m
  [1m[35m (4.3ms)[0m  [1m[35mCREATE TABLE "estoques" ("id" bigserial primary key, "nome" character varying, "preco_kg" float, "quantidade" float, "desc" character varying, "lote" integer, "created_at" timestamp(6) NOT NULL, "updated_at" timestamp(6) NOT NULL)[0m
  [1m[36mTRANSACTION (0.1ms)[0m  [1m[31mROLLBACK[0m
  [1m[35m (0.1ms)[0m  [1m[34mSELECT pg_advisory_unlock(2646436733581968495)[0m
  [1m[36mActiveRecord::SchemaMigration Load (1.1ms)[0m  [1m[34mSELECT "schema_migrations"."version" FROM "schema_migrations" ORDER BY "schema_migrations"."version" ASC[0m
  [1m[36mActiveRecord::InternalMetadata Load (1.0ms)[0m  [1m[34mSELECT * FROM "ar_internal_metadata" WHERE "ar_internal_metadata"."key" = $1 ORDER BY "ar_internal_metadata"."key" ASC LIMIT 1[0m  [[nil, "environment"]]
  [1m[36mActiveRecord::SchemaMigration Load (0.1ms)[0m  [1m[34mSELECT "schema_migrations"."version" FROM "schema_migrations" ORDER BY "schema_migrations"."version" ASC[0m
  [1m[36mActiveRecord::InternalMetadata Load (0.2ms)[0m  [1m[34mSELECT * FROM "ar_internal_metadata" WHERE "ar_internal_metadata"."key" = $1 ORDER BY "ar_internal_metadata"."key" ASC LIMIT 1[0m  [[nil, "environment"]]
  [1m[36mActiveRecord::SchemaMigration Load (0.1ms)[0m  [1m[34mSELECT "schema_migrations"."version" FROM "schema_migrations" ORDER BY "schema_migrations"."version" ASC[0m
  [1m[36mActiveRecord::InternalMetadata Load (0.2ms)[0m  [1m[34mSELECT * FROM "ar_internal_metadata" WHERE "ar_internal_metadata"."key" = $1 ORDER BY "ar_internal_metadata"."key" ASC LIMIT 1[0m  [[nil, "environment"]]
  [1m[35m (144.9ms)[0m  [1m[35mDROP DATABASE IF EXISTS "sys_estoque_development"[0m
  [1m[35m (20.6ms)[0m  [1m[35mDROP DATABASE IF EXISTS "sys_estoque_test"[0m
  [1m[35m (68.2ms)[0m  [1m[35mCREATE DATABASE "sys_estoque_development" ENCODING = 'unicode'[0m
  [1m[35m (56.5ms)[0m  [1m[35mCREATE DATABASE "sys_estoque_test" ENCODING = 'unicode'[0m
  [1m[35m (4.7ms)[0m  [1m[35mCREATE TABLE "schema_migrations" ("version" character varying NOT NULL PRIMARY KEY)[0m
  [1m[35m (2.6ms)[0m  [1m[35mCREATE TABLE "ar_internal_metadata" ("key" character varying NOT NULL PRIMARY KEY, "value" character varying, "created_at" timestamp(6) NOT NULL, "updated_at" timestamp(6) NOT NULL)[0m
  [1m[35m (0.1ms)[0m  [1m[34mSELECT pg_try_advisory_lock(2646436733581968495)[0m
  [1m[36mActiveRecord::SchemaMigration Load (0.5ms)[0m  [1m[34mSELECT "schema_migrations"."version" FROM "schema_migrations" ORDER BY "schema_migrations"."version" ASC[0m
  [1m[36mActiveRecord::InternalMetadata Load (0.7ms)[0m  [1m[34mSELECT * FROM "ar_internal_metadata" WHERE "ar_internal_metadata"."key" = $1 ORDER BY "ar_internal_metadata"."key" ASC LIMIT 1[0m  [[nil, "environment"]]
  [1m[36mActiveRecord::InternalMetadata Create (0.4ms)[0m  [1m[32mINSERT INTO "ar_internal_metadata" ("key", "value", "created_at", "updated_at") VALUES ('environment', 'development', '2024-09-03 23:46:48.395322', '2024-09-03 23:46:48.395324') RETURNING "key"[0m
Migrating to CreateEstoques (20240903234456)
  [1m[36mTRANSACTION (0.1ms)[0m  [1m[35mBEGIN[0m
  [1m[35m (4.7ms)[0m  [1m[35mCREATE TABLE "estoques" ("id" bigserial primary key, "nome" character varying, "preco_kg" float, "quantidade" float, "desc" character varying, "lote" integer, "created_at" timestamp(6) NOT NULL, "updated_at" timestamp(6) NOT NULL)[0m
  [1m[36mActiveRecord::SchemaMigration Create (0.2ms)[0m  [1m[32mINSERT INTO "schema_migrations" ("version") VALUES ('20240903234456') RETURNING "version"[0m
  [1m[36mTRANSACTION (0.2ms)[0m  [1m[35mCOMMIT[0m
  [1m[35m (0.2ms)[0m  [1m[34mSELECT pg_advisory_unlock(2646436733581968495)[0m
  [1m[36mActiveRecord::SchemaMigration Load (0.1ms)[0m  [1m[34mSELECT "schema_migrations"."version" FROM "schema_migrations" ORDER BY "schema_migrations"."version" ASC[0m
Started GET "/" for ::1 at 2024-09-03 20:47:48 -0300
  [1m[36mActiveRecord::SchemaMigration Load (0.9ms)[0m  [1m[34mSELECT "schema_migrations"."version" FROM "schema_migrations" ORDER BY "schema_migrations"."version" ASC[0m
Processing by EstoquesController#index as HTML
  Rendering layout layouts/application.html.erb
  Rendering estoques/index.html.erb within layouts/application
  [1m[36mEstoque Load (0.5ms)[0m  [1m[34mSELECT "estoques".* FROM "estoques"[0m
  ↳ app/views/estoques/index.html.erb:6
  Rendered estoques/index.html.erb within layouts/application (Duration: 8.6ms | Allocations: 4165)
  Rendered layout layouts/application.html.erb (Duration: 117.6ms | Allocations: 77208)
Completed 200 OK in 152ms (Views: 118.3ms | ActiveRecord: 3.6ms | Allocations: 93962)


Started GET "/estoques/new" for ::1 at 2024-09-03 20:47:53 -0300
Processing by EstoquesController#new as HTML
  Rendering layout layouts/application.html.erb
  Rendering estoques/new.html.erb within layouts/application
  Rendered estoques/_form.html.erb (Duration: 18.0ms | Allocations: 5879)
  Rendered estoques/new.html.erb within layouts/application (Duration: 19.0ms | Allocations: 6201)
  Rendered layout layouts/application.html.erb (Duration: 20.6ms | Allocations: 7097)
Completed 200 OK in 50ms (Views: 21.0ms | ActiveRecord: 8.3ms | Allocations: 14841)


Started GET "/estoques" for ::1 at 2024-09-03 20:48:00 -0300
Processing by EstoquesController#index as HTML
  Rendering layout layouts/application.html.erb
  Rendering estoques/index.html.erb within layouts/application
  [1m[36mEstoque Load (1.2ms)[0m  [1m[34mSELECT "estoques".* FROM "estoques"[0m
  ↳ app/views/estoques/index.html.erb:6
  Rendered estoques/index.html.erb within layouts/application (Duration: 4.2ms | Allocations: 659)
  Rendered layout layouts/application.html.erb (Duration: 6.9ms | Allocations: 1549)
Completed 200 OK in 8ms (Views: 6.5ms | ActiveRecord: 1.2ms | Allocations: 1801)


Started GET "/" for ::1 at 2024-09-03 20:58:36 -0300
  [1m[36mActiveRecord::SchemaMigration Load (1.6ms)[0m  [1m[34mSELECT "schema_migrations"."version" FROM "schema_migrations" ORDER BY "schema_migrations"."version" ASC[0m
Processing by EstoquesController#index as HTML
  Rendering layout layouts/application.html.erb
  Rendering estoques/index.html.erb within layouts/application
  [1m[36mEstoque Load (0.4ms)[0m  [1m[34mSELECT "estoques".* FROM "estoques"[0m
  ↳ app/views/estoques/index.html.erb:6
  Rendered estoques/index.html.erb within layouts/application (Duration: 18.2ms | Allocations: 5315)
  Rendered layout layouts/application.html.erb (Duration: 112.5ms | Allocations: 54590)
Completed 200 OK in 122ms (Views: 106.3ms | ActiveRecord: 7.7ms | Allocations: 64524)


  [1m[35m (249.0ms)[0m  [1m[35mCREATE DATABASE "sys_estoque_development" ENCODING = 'unicode'[0m
  [1m[35m (170.4ms)[0m  [1m[35mCREATE DATABASE "sys_estoque_test" ENCODING = 'unicode'[0m
  [1m[35m (19.1ms)[0m  [1m[35mCREATE TABLE "schema_migrations" ("version" character varying NOT NULL PRIMARY KEY)[0m
  [1m[35m (9.5ms)[0m  [1m[35mCREATE TABLE "ar_internal_metadata" ("key" character varying NOT NULL PRIMARY KEY, "value" character varying, "created_at" timestamp(6) NOT NULL, "updated_at" timestamp(6) NOT NULL)[0m
  [1m[35m (0.5ms)[0m  [1m[34mSELECT pg_try_advisory_lock(2646436733581968495)[0m
  [1m[36mActiveRecord::SchemaMigration Load (1.0ms)[0m  [1m[34mSELECT "schema_migrations"."version" FROM "schema_migrations" ORDER BY "schema_migrations"."version" ASC[0m
  [1m[36mActiveRecord::InternalMetadata Load (1.1ms)[0m  [1m[34mSELECT * FROM "ar_internal_metadata" WHERE "ar_internal_metadata"."key" = $1 ORDER BY "ar_internal_metadata"."key" ASC LIMIT 1[0m  [[nil, "environment"]]
  [1m[36mActiveRecord::InternalMetadata Create (0.9ms)[0m  [1m[32mINSERT INTO "ar_internal_metadata" ("key", "value", "created_at", "updated_at") VALUES ('environment', 'development', '2024-09-05 14:11:24.688917', '2024-09-05 14:11:24.688920') RETURNING "key"[0m
Migrating to CreateEstoques (20240903234456)
  [1m[36mTRANSACTION (0.1ms)[0m  [1m[35mBEGIN[0m
  [1m[35m (8.0ms)[0m  [1m[35mCREATE TABLE "estoques" ("id" bigserial primary key, "nome" character varying, "preco_kg" float, "quantidade" float, "desc" character varying, "lote" integer, "created_at" timestamp(6) NOT NULL, "updated_at" timestamp(6) NOT NULL)[0m
  [1m[36mActiveRecord::SchemaMigration Create (0.3ms)[0m  [1m[32mINSERT INTO "schema_migrations" ("version") VALUES ('20240903234456') RETURNING "version"[0m
  [1m[36mTRANSACTION (0.3ms)[0m  [1m[35mCOMMIT[0m
  [1m[35m (0.2ms)[0m  [1m[34mSELECT pg_advisory_unlock(2646436733581968495)[0m
  [1m[36mActiveRecord::SchemaMigration Load (0.3ms)[0m  [1m[34mSELECT "schema_migrations"."version" FROM "schema_migrations" ORDER BY "schema_migrations"."version" ASC[0m
Started GET "/" for ::1 at 2024-09-05 11:11:35 -0300
  [1m[36mActiveRecord::SchemaMigration Load (1.0ms)[0m  [1m[34mSELECT "schema_migrations"."version" FROM "schema_migrations" ORDER BY "schema_migrations"."version" ASC[0m
Processing by EstoquesController#index as HTML
  Rendering layout layouts/application.html.erb
  Rendering estoques/index.html.erb within layouts/application
  [1m[36mEstoque Load (0.5ms)[0m  [1m[34mSELECT "estoques".* FROM "estoques"[0m
  ↳ app/views/estoques/index.html.erb:6
  Rendered estoques/index.html.erb within layouts/application (Duration: 73.1ms | Allocations: 4625)
  Rendered layout layouts/application.html.erb (Duration: 524.1ms | Allocations: 105981)
Completed 500 Internal Server Error in 655ms (ActiveRecord: 4.9ms | Allocations: 125762)


  
ActionView::Template::Error (Permission denied @ rb_file_s_rename - (C:/Users/joaot/OneDrive/Documentos/Joao/SysEstoque_RoR/tmp/cache/assets/sprockets/v4.0.0/T4/T4uNzE8EgetHRKzqAby2duiuiKSYpSvGnxCtv6W4P6o.cache.11290.16456.925165, C:/Users/joaot/OneDrive/Documentos/Joao/SysEstoque_RoR/tmp/cache/assets/sprockets/v4.0.0/T4/T4uNzE8EgetHRKzqAby2duiuiKSYpSvGnxCtv6W4P6o.cache)):
  
sprockets (4.2.1) lib/sprockets/path_utils.rb:362:in `rename'
sprockets (4.2.1) lib/sprockets/path_utils.rb:362:in `atomic_write'
sprockets (4.2.1) lib/sprockets/cache/file_store.rb:112:in `set'
sprockets (4.2.1) lib/sprockets/cache.rb:227:in `set'
sprockets (4.2.1) lib/sprockets/cache.rb:143:in `set'
sprockets (4.2.1) lib/sprockets/loader.rb:343:in `fetch_asset_from_dependency_cache'
sprockets (4.2.1) lib/sprockets/loader.rb:43:in `load'
sprockets (4.2.1) lib/sprockets/cached_environment.rb:44:in `block in load'
concurrent-ruby (1.3.4) lib/concurrent-ruby/concurrent/map.rb:207:in `block in fetch_or_store'
concurrent-ruby (1.3.4) lib/concurrent-ruby/concurrent/map.rb:187:in `fetch'
concurrent-ruby (1.3.4) lib/concurrent-ruby/concurrent/map.rb:206:in `fetch_or_store'
sprockets (4.2.1) lib/sprockets/cached_environment.rb:44:in `load'
sprockets (4.2.1) lib/sprockets/bundle.rb:27:in `call'
sprockets (4.2.1) lib/sprockets/processor_utils.rb:84:in `call_processor'
sprockets (4.2.1) lib/sprockets/processor_utils.rb:66:in `block in call_processors'
sprockets (4.2.1) lib/sprockets/processor_utils.rb:65:in `reverse_each'
sprockets (4.2.1) lib/sprockets/processor_utils.rb:65:in `call_processors'
sprockets (4.2.1) lib/sprockets/loader.rb:184:in `load_from_unloaded'
sprockets (4.2.1) lib/sprockets/loader.rb:59:in `block in load'
sprockets (4.2.1) lib/sprockets/loader.rb:339:in `fetch_asset_from_dependency_cache'
sprockets (4.2.1) lib/sprockets/loader.rb:43:in `load'
sprockets (4.2.1) lib/sprockets/cached_environment.rb:44:in `block in load'
concurrent-ruby (1.3.4) lib/concurrent-ruby/concurrent/map.rb:207:in `block in fetch_or_store'
concurrent-ruby (1.3.4) lib/concurrent-ruby/concurrent/map.rb:187:in `fetch'
concurrent-ruby (1.3.4) lib/concurrent-ruby/concurrent/map.rb:206:in `fetch_or_store'
sprockets (4.2.1) lib/sprockets/cached_environment.rb:44:in `load'
sprockets (4.2.1) lib/sprockets/bundle.rb:32:in `block in call'
C:/Ruby32/lib/ruby/3.2.0/set.rb:511:in `each_key'
C:/Ruby32/lib/ruby/3.2.0/set.rb:511:in `each'
sprockets (4.2.1) lib/sprockets/bundle.rb:31:in `call'
sprockets (4.2.1) lib/sprockets/processor_utils.rb:84:in `call_processor'
sprockets (4.2.1) lib/sprockets/processor_utils.rb:66:in `block in call_processors'
sprockets (4.2.1) lib/sprockets/processor_utils.rb:65:in `reverse_each'
sprockets (4.2.1) lib/sprockets/processor_utils.rb:65:in `call_processors'
sprockets (4.2.1) lib/sprockets/loader.rb:184:in `load_from_unloaded'
sprockets (4.2.1) lib/sprockets/loader.rb:59:in `block in load'
sprockets (4.2.1) lib/sprockets/loader.rb:339:in `fetch_asset_from_dependency_cache'
sprockets (4.2.1) lib/sprockets/loader.rb:43:in `load'
sprockets (4.2.1) lib/sprockets/cached_environment.rb:44:in `block in load'
concurrent-ruby (1.3.4) lib/concurrent-ruby/concurrent/map.rb:207:in `block in fetch_or_store'
concurrent-ruby (1.3.4) lib/concurrent-ruby/concurrent/map.rb:187:in `fetch'
concurrent-ruby (1.3.4) lib/concurrent-ruby/concurrent/map.rb:206:in `fetch_or_store'
sprockets (4.2.1) lib/sprockets/cached_environment.rb:44:in `load'
sprockets (4.2.1) lib/sprockets/base.rb:81:in `find_asset'
sprockets (4.2.1) lib/sprockets/base.rb:88:in `find_all_linked_assets'
sprockets (4.2.1) lib/sprockets/manifest.rb:125:in `each'
sprockets (4.2.1) lib/sprockets/manifest.rb:125:in `to_a'
sprockets (4.2.1) lib/sprockets/manifest.rb:125:in `block (2 levels) in find'
concurrent-ruby (1.3.4) lib/concurrent-ruby/concurrent/executor/safe_task_executor.rb:24:in `block in execute'
concurrent-ruby (1.3.4) lib/concurrent-ruby/concurrent/synchronization/mutex_lockable_object.rb:48:in `block in synchronize'
concurrent-ruby (1.3.4) lib/concurrent-ruby/concurrent/synchronization/mutex_lockable_object.rb:48:in `synchronize'
concurrent-ruby (1.3.4) lib/concurrent-ruby/concurrent/synchronization/mutex_lockable_object.rb:48:in `synchronize'
concurrent-ruby (1.3.4) lib/concurrent-ruby/concurrent/executor/safe_task_executor.rb:22:in `execute'
concurrent-ruby (1.3.4) lib/concurrent-ruby/concurrent/promise.rb:564:in `block in realize'
concurrent-ruby (1.3.4) lib/concurrent-ruby/concurrent/executor/ruby_thread_pool_executor.rb:359:in `run_task'
concurrent-ruby (1.3.4) lib/concurrent-ruby/concurrent/executor/ruby_thread_pool_executor.rb:350:in `block (3 levels) in create_worker'
concurrent-ruby (1.3.4) lib/concurrent-ruby/concurrent/executor/ruby_thread_pool_executor.rb:341:in `loop'
concurrent-ruby (1.3.4) lib/concurrent-ruby/concurrent/executor/ruby_thread_pool_executor.rb:341:in `block (2 levels) in create_worker'
concurrent-ruby (1.3.4) lib/concurrent-ruby/concurrent/executor/ruby_thread_pool_executor.rb:340:in `catch'
concurrent-ruby (1.3.4) lib/concurrent-ruby/concurrent/executor/ruby_thread_pool_executor.rb:340:in `block in create_worker'
Started GET "/" for ::1 at 2024-09-05 11:11:39 -0300
Processing by EstoquesController#index as HTML
  Rendering layout layouts/application.html.erb
  Rendering estoques/index.html.erb within layouts/application
  [1m[36mEstoque Load (0.3ms)[0m  [1m[34mSELECT "estoques".* FROM "estoques"[0m
  ↳ app/views/estoques/index.html.erb:6
  Rendered estoques/index.html.erb within layouts/application (Duration: 1.4ms | Allocations: 609)
  Rendered layout layouts/application.html.erb (Duration: 51.2ms | Allocations: 21041)
Completed 200 OK in 54ms (Views: 51.5ms | ActiveRecord: 0.3ms | Allocations: 21415)


Started GET "/estoques/new" for ::1 at 2024-09-05 11:11:53 -0300
Processing by EstoquesController#new as HTML
  Rendering layout layouts/application.html.erb
  Rendering estoques/new.html.erb within layouts/application
  Rendered estoques/_form.html.erb (Duration: 50.6ms | Allocations: 7046)
  Rendered estoques/new.html.erb within layouts/application (Duration: 52.7ms | Allocations: 7370)
  Rendered layout layouts/application.html.erb (Duration: 63.5ms | Allocations: 10733)
Completed 200 OK in 87ms (Views: 64.1ms | ActiveRecord: 7.4ms | Allocations: 19720)


Started GET "/estoques" for ::1 at 2024-09-05 11:11:57 -0300
Processing by EstoquesController#index as HTML
  Rendering layout layouts/application.html.erb
  Rendering estoques/index.html.erb within layouts/application
  [1m[36mEstoque Load (0.3ms)[0m  [1m[34mSELECT "estoques".* FROM "estoques"[0m
  ↳ app/views/estoques/index.html.erb:6
  Rendered estoques/index.html.erb within layouts/application (Duration: 1.4ms | Allocations: 714)
  Rendered layout layouts/application.html.erb (Duration: 11.7ms | Allocations: 4079)
Completed 200 OK in 14ms (Views: 11.9ms | ActiveRecord: 0.3ms | Allocations: 4369)


Started GET "/estoques" for ::1 at 2024-09-05 11:31:45 -0300
  [1m[36mActiveRecord::SchemaMigration Load (0.9ms)[0m  [1m[34mSELECT "schema_migrations"."version" FROM "schema_migrations" ORDER BY "schema_migrations"."version" ASC[0m
Processing by EstoquesController#index as HTML
  Rendering layout layouts/application.html.erb
  Rendering estoques/index.html.erb within layouts/application
  [1m[36mEstoque Load (0.6ms)[0m  [1m[34mSELECT "estoques".* FROM "estoques"[0m
  ↳ app/views/estoques/index.html.erb:18
  Rendered estoques/index.html.erb within layouts/application (Duration: 100.3ms | Allocations: 5998)
  Rendered layout layouts/application.html.erb (Duration: 271.8ms | Allocations: 12428)
Completed 500 Internal Server Error in 330ms (ActiveRecord: 5.2ms | Allocations: 24009)


  
ActionView::Template::Error (couldn't find file 'node_modules/datatables/media/css/jquery.dataTables' with type 'text/css'
Checked in these paths: 
  C:/Users/joaot/OneDrive/Documentos/Joao/SysEstoque_RoR/app/assets/config
  C:/Users/joaot/OneDrive/Documentos/Joao/SysEstoque_RoR/app/assets/images
  C:/Users/joaot/OneDrive/Documentos/Joao/SysEstoque_RoR/app/assets/stylesheets
  C:/Ruby32/lib/ruby/gems/3.2.0/gems/stimulus-rails-1.3.4/app/assets/javascripts
  C:/Ruby32/lib/ruby/gems/3.2.0/gems/turbo-rails-2.0.6/app/assets/javascripts
  C:/Ruby32/lib/ruby/gems/3.2.0/gems/actiontext-7.1.4/app/assets/javascripts
  C:/Ruby32/lib/ruby/gems/3.2.0/gems/actiontext-7.1.4/app/assets/stylesheets
  C:/Ruby32/lib/ruby/gems/3.2.0/gems/actioncable-7.1.4/app/assets/javascripts
  C:/Ruby32/lib/ruby/gems/3.2.0/gems/activestorage-7.1.4/app/assets/javascripts
  C:/Ruby32/lib/ruby/gems/3.2.0/gems/actionview-7.1.4/app/assets/javascripts
  C:/Users/joaot/OneDrive/Documentos/Joao/SysEstoque_RoR/app/javascript
  C:/Users/joaot/OneDrive/Documentos/Joao/SysEstoque_RoR/vendor/javascript):
     6:     <%= csrf_meta_tags %>
     7:     <%= csp_meta_tag %>
     8: 
     9:     <%= stylesheet_link_tag "application", "data-turbo-track": "reload" %>
    10:   </head>
    11: 
    12:   <body>
  
app/views/layouts/application.html.erb:9
Started GET "/estoques" for ::1 at 2024-09-05 11:33:15 -0300
Processing by EstoquesController#index as HTML
  Rendering layout layouts/application.html.erb
  Rendering estoques/index.html.erb within layouts/application
  [1m[36mEstoque Load (0.3ms)[0m  [1m[34mSELECT "estoques".* FROM "estoques"[0m
  ↳ app/views/estoques/index.html.erb:18
  Rendered estoques/index.html.erb within layouts/application (Duration: 1.5ms | Allocations: 726)
  Rendered layout layouts/application.html.erb (Duration: 9.2ms | Allocations: 3822)
Completed 500 Internal Server Error in 12ms (ActiveRecord: 0.3ms | Allocations: 4098)


  
ActionView::Template::Error (couldn't find file 'datatables/media/css/jquery.dataTables' with type 'text/css'
Checked in these paths: 
  C:/Users/joaot/OneDrive/Documentos/Joao/SysEstoque_RoR/app/assets/config
  C:/Users/joaot/OneDrive/Documentos/Joao/SysEstoque_RoR/app/assets/images
  C:/Users/joaot/OneDrive/Documentos/Joao/SysEstoque_RoR/app/assets/stylesheets
  C:/Ruby32/lib/ruby/gems/3.2.0/gems/stimulus-rails-1.3.4/app/assets/javascripts
  C:/Ruby32/lib/ruby/gems/3.2.0/gems/turbo-rails-2.0.6/app/assets/javascripts
  C:/Ruby32/lib/ruby/gems/3.2.0/gems/actiontext-7.1.4/app/assets/javascripts
  C:/Ruby32/lib/ruby/gems/3.2.0/gems/actiontext-7.1.4/app/assets/stylesheets
  C:/Ruby32/lib/ruby/gems/3.2.0/gems/actioncable-7.1.4/app/assets/javascripts
  C:/Ruby32/lib/ruby/gems/3.2.0/gems/activestorage-7.1.4/app/assets/javascripts
  C:/Ruby32/lib/ruby/gems/3.2.0/gems/actionview-7.1.4/app/assets/javascripts
  C:/Users/joaot/OneDrive/Documentos/Joao/SysEstoque_RoR/app/javascript
  C:/Users/joaot/OneDrive/Documentos/Joao/SysEstoque_RoR/vendor/javascript):
     6:     <%= csrf_meta_tags %>
     7:     <%= csp_meta_tag %>
     8: 
     9:     <%= stylesheet_link_tag "application", "data-turbo-track": "reload" %>
    10:   </head>
    11: 
    12:   <body>
  
app/views/layouts/application.html.erb:9
Started GET "/estoques" for ::1 at 2024-09-05 11:33:28 -0300
  [1m[36mActiveRecord::SchemaMigration Load (1.0ms)[0m  [1m[34mSELECT "schema_migrations"."version" FROM "schema_migrations" ORDER BY "schema_migrations"."version" ASC[0m
Processing by EstoquesController#index as HTML
  Rendering layout layouts/application.html.erb
  Rendering estoques/index.html.erb within layouts/application
  [1m[36mEstoque Load (0.6ms)[0m  [1m[34mSELECT "estoques".* FROM "estoques"[0m
  ↳ app/views/estoques/index.html.erb:18
  Rendered estoques/index.html.erb within layouts/application (Duration: 122.8ms | Allocations: 5998)
  Rendered layout layouts/application.html.erb (Duration: 808.6ms | Allocations: 158463)
Completed 200 OK in 862ms (Views: 815.8ms | ActiveRecord: 5.6ms | Allocations: 170114)


Started GET "/estoques/new" for ::1 at 2024-09-05 11:33:34 -0300
Processing by EstoquesController#new as HTML
  Rendering layout layouts/application.html.erb
  Rendering estoques/new.html.erb within layouts/application
  Rendered estoques/_form.html.erb (Duration: 7.3ms | Allocations: 3334)
  Rendered estoques/new.html.erb within layouts/application (Duration: 9.3ms | Allocations: 3701)
  Rendered layout layouts/application.html.erb (Duration: 26.7ms | Allocations: 10155)
Completed 200 OK in 48ms (Views: 27.2ms | ActiveRecord: 8.1ms | Allocations: 18909)


Started POST "/estoques" for ::1 at 2024-09-05 11:33:49 -0300
Processing by EstoquesController#create as HTML
  Parameters: {"authenticity_token"=>"[FILTERED]", "estoque"=>{"nome"=>"Teste", "preco_kg"=>"22.9", "quantidade"=>"10", "desc"=>"testando", "lote"=>"12"}, "commit"=>"Create Estoque"}
  [1m[36mTRANSACTION (0.1ms)[0m  [1m[35mBEGIN[0m
  ↳ app/controllers/estoques_controller.rb:27:in `block in create'
  [1m[36mEstoque Create (2.8ms)[0m  [1m[32mINSERT INTO "estoques" ("nome", "preco_kg", "quantidade", "desc", "lote", "created_at", "updated_at") VALUES ($1, $2, $3, $4, $5, $6, $7) RETURNING "id"[0m  [["nome", "Teste"], ["preco_kg", 22.9], ["quantidade", 10.0], ["desc", "testando"], ["lote", 12], ["created_at", "2024-09-05 14:33:49.897642"], ["updated_at", "2024-09-05 14:33:49.897642"]]
  ↳ app/controllers/estoques_controller.rb:27:in `block in create'
  [1m[36mTRANSACTION (0.5ms)[0m  [1m[35mCOMMIT[0m
  ↳ app/controllers/estoques_controller.rb:27:in `block in create'
Redirected to http://localhost:3000/estoques/1
Completed 302 Found in 9ms (ActiveRecord: 3.5ms | Allocations: 3860)


Started GET "/estoques/1" for ::1 at 2024-09-05 11:33:49 -0300
Processing by EstoquesController#show as HTML
  Parameters: {"id"=>"1"}
  [1m[36mEstoque Load (1.0ms)[0m  [1m[34mSELECT "estoques".* FROM "estoques" WHERE "estoques"."id" = $1 LIMIT $2[0m  [["id", 1], ["LIMIT", 1]]
  ↳ app/controllers/estoques_controller.rb:63:in `set_estoque'
  Rendering layout layouts/application.html.erb
  Rendering estoques/show.html.erb within layouts/application
  Rendered estoques/_estoque.html.erb (Duration: 0.6ms | Allocations: 333)
  Rendered estoques/show.html.erb within layouts/application (Duration: 7.2ms | Allocations: 1611)
  Rendered layout layouts/application.html.erb (Duration: 24.9ms | Allocations: 8063)
Completed 200 OK in 37ms (Views: 25.4ms | ActiveRecord: 1.0ms | Allocations: 11291)


Started GET "/estoques" for ::1 at 2024-09-05 11:33:51 -0300
Processing by EstoquesController#index as HTML
  Rendering layout layouts/application.html.erb
  Rendering estoques/index.html.erb within layouts/application
  [1m[36mEstoque Load (0.3ms)[0m  [1m[34mSELECT "estoques".* FROM "estoques"[0m
  ↳ app/views/estoques/index.html.erb:18
  Rendered estoques/_estoque.html.erb (Duration: 0.1ms | Allocations: 30)
  Rendered estoques/index.html.erb within layouts/application (Duration: 1.8ms | Allocations: 900)
  Rendered layout layouts/application.html.erb (Duration: 19.5ms | Allocations: 7356)
Completed 200 OK in 22ms (Views: 19.7ms | ActiveRecord: 0.3ms | Allocations: 7638)


Started GET "/estoques" for ::1 at 2024-09-05 11:34:40 -0300
Processing by EstoquesController#index as HTML
  Rendering layout layouts/application.html.erb
  Rendering estoques/index.html.erb within layouts/application
  [1m[36mEstoque Load (0.3ms)[0m  [1m[34mSELECT "estoques".* FROM "estoques"[0m
  ↳ app/views/estoques/index.html.erb:17
  Rendered estoques/_estoque.html.erb (Duration: 0.6ms | Allocations: 331)
  Rendered estoques/index.html.erb within layouts/application (Duration: 8.9ms | Allocations: 5894)
  Rendered layout layouts/application.html.erb (Duration: 27.5ms | Allocations: 12823)
Completed 200 OK in 40ms (Views: 31.4ms | ActiveRecord: 2.1ms | Allocations: 14545)


Started GET "/" for ::1 at 2024-09-05 20:40:42 -0300
  [1m[36mActiveRecord::SchemaMigration Load (1.2ms)[0m  [1m[34mSELECT "schema_migrations"."version" FROM "schema_migrations" ORDER BY "schema_migrations"."version" ASC[0m
Processing by EstoquesController#index as HTML
  Rendering layout layouts/application.html.erb
  Rendering estoques/index.html.erb within layouts/application
  [1m[36mEstoque Load (0.9ms)[0m  [1m[34mSELECT "estoques".* FROM "estoques"[0m
  ↳ app/views/estoques/index.html.erb:19
  Rendered estoques/index.html.erb within layouts/application (Duration: 24.1ms | Allocations: 5333)
  Rendered layout layouts/application.html.erb (Duration: 279.6ms | Allocations: 153341)
Completed 200 OK in 293ms (Views: 275.2ms | ActiveRecord: 6.4ms | Allocations: 163396)


Started GET "/" for ::1 at 2024-09-05 21:26:56 -0300
  [1m[36mActiveRecord::SchemaMigration Load (1.0ms)[0m  [1m[34mSELECT "schema_migrations"."version" FROM "schema_migrations" ORDER BY "schema_migrations"."version" ASC[0m
Processing by EstoquesController#index as HTML
  Rendering layout layouts/application.html.erb
  Rendering estoques/index.html.erb within layouts/application
  [1m[36mEstoque Load (0.8ms)[0m  [1m[34mSELECT "estoques".* FROM "estoques"[0m
  ↳ app/views/estoques/index.html.erb:19
  Rendered estoques/index.html.erb within layouts/application (Duration: 28.4ms | Allocations: 5347)
  Rendered layout layouts/application.html.erb (Duration: 90.6ms | Allocations: 33951)
Completed 200 OK in 102ms (Views: 84.7ms | ActiveRecord: 7.6ms | Allocations: 43887)


Started GET "/estoques/new" for ::1 at 2024-09-05 21:26:57 -0300
Processing by EstoquesController#new as HTML
  Rendering layout layouts/application.html.erb
  Rendering estoques/new.html.erb within layouts/application
  Rendered estoques/_form.html.erb (Duration: 2.9ms | Allocations: 2781)
  Rendered estoques/new.html.erb within layouts/application (Duration: 3.4ms | Allocations: 3122)
  Rendered layout layouts/application.html.erb (Duration: 6.2ms | Allocations: 8952)
Completed 200 OK in 40ms (Views: 6.9ms | ActiveRecord: 28.2ms | Allocations: 17649)


Started GET "/estoques/new" for ::1 at 2024-09-05 21:27:52 -0300
Processing by EstoquesController#new as HTML
  Rendering layout layouts/application.html.erb
  Rendering estoques/new.html.erb within layouts/application
  Rendered estoques/_form.html.erb (Duration: 1.3ms | Allocations: 1762)
  Rendered estoques/new.html.erb within layouts/application (Duration: 1.7ms | Allocations: 2058)
  Rendered layout layouts/application.html.erb (Duration: 5.7ms | Allocations: 7970)
Completed 200 OK in 29ms (Views: 6.5ms | ActiveRecord: 7.2ms | Allocations: 12948)


Started GET "/estoques/new" for ::1 at 2024-09-05 21:28:12 -0300
Processing by EstoquesController#new as HTML
  Rendering layout layouts/application.html.erb
  Rendering estoques/new.html.erb within layouts/application
  Rendered estoques/_form.html.erb (Duration: 1.3ms | Allocations: 1733)
  Rendered estoques/new.html.erb within layouts/application (Duration: 1.7ms | Allocations: 2027)
  Rendered layout layouts/application.html.erb (Duration: 5.2ms | Allocations: 7857)
Completed 200 OK in 16ms (Views: 6.1ms | ActiveRecord: 7.0ms | Allocations: 12758)


Started GET "/estoques/new" for ::1 at 2024-09-05 21:28:29 -0300
Processing by EstoquesController#new as HTML
  Rendering layout layouts/application.html.erb
  Rendering estoques/new.html.erb within layouts/application
  Rendered estoques/_form.html.erb (Duration: 1.4ms | Allocations: 1745)
  Rendered estoques/new.html.erb within layouts/application (Duration: 1.8ms | Allocations: 2039)
  Rendered layout layouts/application.html.erb (Duration: 16.8ms | Allocations: 7952)
Completed 200 OK in 28ms (Views: 17.8ms | ActiveRecord: 5.7ms | Allocations: 12853)


Started GET "/estoques/new" for ::1 at 2024-09-05 21:28:57 -0300
Processing by EstoquesController#new as HTML
  Rendering layout layouts/application.html.erb
  Rendering estoques/new.html.erb within layouts/application
  Rendered estoques/_form.html.erb (Duration: 1.6ms | Allocations: 1751)
  Rendered estoques/new.html.erb within layouts/application (Duration: 2.0ms | Allocations: 2049)
  Rendered layout layouts/application.html.erb (Duration: 6.0ms | Allocations: 7934)
Completed 200 OK in 19ms (Views: 6.8ms | ActiveRecord: 8.1ms | Allocations: 12893)


Started GET "/estoques/new" for ::1 at 2024-09-05 21:29:37 -0300
Processing by EstoquesController#new as HTML
  Rendering layout layouts/application.html.erb
  Rendering estoques/new.html.erb within layouts/application
  Rendered estoques/_form.html.erb (Duration: 1.5ms | Allocations: 1745)
  Rendered estoques/new.html.erb within layouts/application (Duration: 1.9ms | Allocations: 2039)
  Rendered layout layouts/application.html.erb (Duration: 6.7ms | Allocations: 7869)
Completed 200 OK in 30ms (Views: 7.8ms | ActiveRecord: 18.3ms | Allocations: 12766)


Started GET "/estoques/new" for ::1 at 2024-09-05 21:30:44 -0300
Processing by EstoquesController#new as HTML
  Rendering layout layouts/application.html.erb
  Rendering estoques/new.html.erb within layouts/application
  Rendered estoques/_form.html.erb (Duration: 1.8ms | Allocations: 1748)
  Rendered estoques/new.html.erb within layouts/application (Duration: 2.2ms | Allocations: 2044)
  Rendered layout layouts/application.html.erb (Duration: 7.0ms | Allocations: 7956)
Completed 200 OK in 19ms (Views: 7.8ms | ActiveRecord: 7.8ms | Allocations: 12878)


Started GET "/estoques" for ::1 at 2024-09-05 21:31:00 -0300
Processing by EstoquesController#index as HTML
  Rendering layout layouts/application.html.erb
  Rendering estoques/index.html.erb within layouts/application
  [1m[36mEstoque Load (0.3ms)[0m  [1m[34mSELECT "estoques".* FROM "estoques"[0m
  ↳ app/views/estoques/index.html.erb:19
  Rendered estoques/index.html.erb within layouts/application (Duration: 1.4ms | Allocations: 982)
  Rendered layout layouts/application.html.erb (Duration: 4.4ms | Allocations: 6828)
Completed 200 OK in 7ms (Views: 4.9ms | ActiveRecord: 0.3ms | Allocations: 8379)


Started GET "/estoques" for ::1 at 2024-09-05 21:31:33 -0300
Processing by EstoquesController#index as HTML
  Rendering layout layouts/application.html.erb
  Rendering estoques/index.html.erb within layouts/application
  [1m[36mEstoque Load (1.3ms)[0m  [1m[34mSELECT "estoques".* FROM "estoques"[0m
  ↳ app/views/estoques/index.html.erb:19
  Rendered estoques/index.html.erb within layouts/application (Duration: 2.5ms | Allocations: 976)
  Rendered layout layouts/application.html.erb (Duration: 7.5ms | Allocations: 6904)
Completed 200 OK in 10ms (Views: 7.2ms | ActiveRecord: 1.2ms | Allocations: 8460)


Started GET "/estoques/new" for ::1 at 2024-09-05 21:31:36 -0300
Processing by EstoquesController#new as HTML
  Rendering layout layouts/application.html.erb
  Rendering estoques/new.html.erb within layouts/application
  Rendered estoques/_form.html.erb (Duration: 16.3ms | Allocations: 1727)
  Rendered estoques/new.html.erb within layouts/application (Duration: 18.5ms | Allocations: 2012)
  Rendered layout layouts/application.html.erb (Duration: 23.1ms | Allocations: 7501)
Completed 200 OK in 38ms (Views: 23.8ms | ActiveRecord: 6.0ms | Allocations: 11266)


Started POST "/estoques" for ::1 at 2024-09-05 21:31:56 -0300
Processing by EstoquesController#create as HTML
  Parameters: {"authenticity_token"=>"[FILTERED]", "estoque"=>{"nome"=>"Teste", "preco_kg"=>"44.9", "quantidade"=>"17", "desc"=>"Testando Banco de Dados", "lote"=>"23"}, "commit"=>"Registrar"}
  [1m[36mTRANSACTION (0.1ms)[0m  [1m[35mBEGIN[0m
  ↳ app/controllers/estoques_controller.rb:27:in `block in create'
  [1m[36mEstoque Create (8.5ms)[0m  [1m[32mINSERT INTO "estoques" ("nome", "preco_kg", "quantidade", "desc", "lote", "created_at", "updated_at") VALUES ($1, $2, $3, $4, $5, $6, $7) RETURNING "id"[0m  [["nome", "Teste"], ["preco_kg", 44.9], ["quantidade", 17.0], ["desc", "Testando Banco de Dados"], ["lote", 23], ["created_at", "2024-09-06 00:31:56.788292"], ["updated_at", "2024-09-06 00:31:56.788292"]]
  ↳ app/controllers/estoques_controller.rb:27:in `block in create'
  [1m[36mTRANSACTION (0.3ms)[0m  [1m[35mCOMMIT[0m
  ↳ app/controllers/estoques_controller.rb:27:in `block in create'
Redirected to http://localhost:3000/estoques/1
Completed 302 Found in 19ms (ActiveRecord: 12.9ms | Allocations: 7552)


Started GET "/estoques/1" for ::1 at 2024-09-05 21:31:56 -0300
Processing by EstoquesController#show as HTML
  Parameters: {"id"=>"1"}
  [1m[36mEstoque Load (0.3ms)[0m  [1m[34mSELECT "estoques".* FROM "estoques" WHERE "estoques"."id" = $1 LIMIT $2[0m  [["id", 1], ["LIMIT", 1]]
  ↳ app/controllers/estoques_controller.rb:63:in `set_estoque'
  Rendering layout layouts/application.html.erb
  Rendering estoques/show.html.erb within layouts/application
  Rendered estoques/_estoque.html.erb (Duration: 0.2ms | Allocations: 265)
  Rendered estoques/show.html.erb within layouts/application (Duration: 3.3ms | Allocations: 1363)
  Rendered layout layouts/application.html.erb (Duration: 6.5ms | Allocations: 7187)
Completed 200 OK in 11ms (Views: 7.3ms | ActiveRecord: 0.5ms | Allocations: 10829)


Started GET "/estoques" for ::1 at 2024-09-05 21:31:59 -0300
Processing by EstoquesController#index as HTML
  Rendering layout layouts/application.html.erb
  Rendering estoques/index.html.erb within layouts/application
  [1m[36mEstoque Load (0.7ms)[0m  [1m[34mSELECT "estoques".* FROM "estoques"[0m
  ↳ app/views/estoques/index.html.erb:19
  Rendered estoques/_estoque.html.erb (Duration: 0.2ms | Allocations: 25)
  Rendered estoques/index.html.erb within layouts/application (Duration: 4.7ms | Allocations: 1080)
  Rendered layout layouts/application.html.erb (Duration: 13.9ms | Allocations: 6569)
Completed 200 OK in 16ms (Views: 14.1ms | ActiveRecord: 0.6ms | Allocations: 6902)


Started GET "/estoques/1" for ::1 at 2024-09-05 21:32:38 -0300
Processing by EstoquesController#show as HTML
  Parameters: {"id"=>"1"}
  [1m[36mEstoque Load (0.2ms)[0m  [1m[34mSELECT "estoques".* FROM "estoques" WHERE "estoques"."id" = $1 LIMIT $2[0m  [["id", 1], ["LIMIT", 1]]
  ↳ app/controllers/estoques_controller.rb:63:in `set_estoque'
  Rendering layout layouts/application.html.erb
  Rendering estoques/show.html.erb within layouts/application
  Rendered estoques/_estoque.html.erb (Duration: 0.3ms | Allocations: 251)
  Rendered estoques/show.html.erb within layouts/application (Duration: 1.4ms | Allocations: 1159)
  Rendered layout layouts/application.html.erb (Duration: 5.6ms | Allocations: 7063)
Completed 200 OK in 18ms (Views: 6.3ms | ActiveRecord: 8.0ms | Allocations: 13085)


Started GET "/estoques/1" for ::1 at 2024-09-05 21:33:10 -0300
Processing by EstoquesController#show as HTML
  Parameters: {"id"=>"1"}
  [1m[36mEstoque Load (0.3ms)[0m  [1m[34mSELECT "estoques".* FROM "estoques" WHERE "estoques"."id" = $1 LIMIT $2[0m  [["id", 1], ["LIMIT", 1]]
  ↳ app/controllers/estoques_controller.rb:63:in `set_estoque'
  Rendering layout layouts/application.html.erb
  Rendering estoques/show.html.erb within layouts/application
  Rendered estoques/_estoque.html.erb (Duration: 0.2ms | Allocations: 251)
  Rendered estoques/show.html.erb within layouts/application (Duration: 1.6ms | Allocations: 1152)
  Rendered layout layouts/application.html.erb (Duration: 5.9ms | Allocations: 6973)
Completed 200 OK in 19ms (Views: 6.8ms | ActiveRecord: 8.4ms | Allocations: 12933)


Started GET "/estoques/1" for ::1 at 2024-09-05 21:33:46 -0300
Processing by EstoquesController#show as HTML
  Parameters: {"id"=>"1"}
  [1m[36mEstoque Load (0.2ms)[0m  [1m[34mSELECT "estoques".* FROM "estoques" WHERE "estoques"."id" = $1 LIMIT $2[0m  [["id", 1], ["LIMIT", 1]]
  ↳ app/controllers/estoques_controller.rb:63:in `set_estoque'
  Rendering layout layouts/application.html.erb
  Rendering estoques/show.html.erb within layouts/application
  Rendered estoques/_estoque.html.erb (Duration: 0.2ms | Allocations: 251)
  Rendered estoques/show.html.erb within layouts/application (Duration: 1.5ms | Allocations: 1162)
  Rendered layout layouts/application.html.erb (Duration: 6.6ms | Allocations: 7067)
Completed 200 OK in 19ms (Views: 7.4ms | ActiveRecord: 7.7ms | Allocations: 13088)


Started GET "/estoques/1" for ::1 at 2024-09-05 21:34:14 -0300
Processing by EstoquesController#show as HTML
  Parameters: {"id"=>"1"}
  [1m[36mEstoque Load (0.2ms)[0m  [1m[34mSELECT "estoques".* FROM "estoques" WHERE "estoques"."id" = $1 LIMIT $2[0m  [["id", 1], ["LIMIT", 1]]
  ↳ app/controllers/estoques_controller.rb:63:in `set_estoque'
  Rendering layout layouts/application.html.erb
  Rendering estoques/show.html.erb within layouts/application
  Rendered estoques/_estoque.html.erb (Duration: 0.2ms | Allocations: 251)
  Rendered estoques/show.html.erb within layouts/application (Duration: 1.5ms | Allocations: 1103)
  Rendered layout layouts/application.html.erb (Duration: 4.6ms | Allocations: 6926)
Completed 200 OK in 15ms (Views: 5.5ms | ActiveRecord: 5.4ms | Allocations: 12943)


Started GET "/estoques/1" for ::1 at 2024-09-05 21:34:33 -0300
Processing by EstoquesController#show as HTML
  Parameters: {"id"=>"1"}
  [1m[36mEstoque Load (0.2ms)[0m  [1m[34mSELECT "estoques".* FROM "estoques" WHERE "estoques"."id" = $1 LIMIT $2[0m  [["id", 1], ["LIMIT", 1]]
  ↳ app/controllers/estoques_controller.rb:63:in `set_estoque'
  Rendering layout layouts/application.html.erb
  Rendering estoques/show.html.erb within layouts/application
  Rendered estoques/_estoque.html.erb (Duration: 0.2ms | Allocations: 251)
  Rendered estoques/show.html.erb within layouts/application (Duration: 1.5ms | Allocations: 1126)
  Rendered layout layouts/application.html.erb (Duration: 4.8ms | Allocations: 7032)
Completed 200 OK in 23ms (Views: 5.8ms | ActiveRecord: 8.6ms | Allocations: 13054)


Started GET "/estoques/1" for ::1 at 2024-09-05 21:34:50 -0300
Processing by EstoquesController#show as HTML
  Parameters: {"id"=>"1"}
  [1m[36mEstoque Load (0.1ms)[0m  [1m[34mSELECT "estoques".* FROM "estoques" WHERE "estoques"."id" = $1 LIMIT $2[0m  [["id", 1], ["LIMIT", 1]]
  ↳ app/controllers/estoques_controller.rb:63:in `set_estoque'
  Rendering layout layouts/application.html.erb
  Rendering estoques/show.html.erb within layouts/application
  Rendered estoques/_estoque.html.erb (Duration: 0.2ms | Allocations: 251)
  Rendered estoques/show.html.erb within layouts/application (Duration: 1.5ms | Allocations: 1107)
  Rendered layout layouts/application.html.erb (Duration: 5.9ms | Allocations: 6930)
Completed 200 OK in 18ms (Views: 6.8ms | ActiveRecord: 7.1ms | Allocations: 12946)


Started GET "/estoques/1" for ::1 at 2024-09-05 21:35:01 -0300
Processing by EstoquesController#show as HTML
  Parameters: {"id"=>"1"}
  [1m[36mEstoque Load (0.1ms)[0m  [1m[34mSELECT "estoques".* FROM "estoques" WHERE "estoques"."id" = $1 LIMIT $2[0m  [["id", 1], ["LIMIT", 1]]
  ↳ app/controllers/estoques_controller.rb:63:in `set_estoque'
  Rendering layout layouts/application.html.erb
  Rendering estoques/show.html.erb within layouts/application
  Rendered estoques/_estoque.html.erb (Duration: 0.2ms | Allocations: 251)
  Rendered estoques/show.html.erb within layouts/application (Duration: 1.4ms | Allocations: 1133)
  Rendered layout layouts/application.html.erb (Duration: 4.8ms | Allocations: 7040)
Completed 200 OK in 35ms (Views: 5.7ms | ActiveRecord: 20.9ms | Allocations: 13078)


Started GET "/estoques/1" for ::1 at 2024-09-05 21:35:14 -0300
Processing by EstoquesController#show as HTML
  Parameters: {"id"=>"1"}
  [1m[36mEstoque Load (0.2ms)[0m  [1m[34mSELECT "estoques".* FROM "estoques" WHERE "estoques"."id" = $1 LIMIT $2[0m  [["id", 1], ["LIMIT", 1]]
  ↳ app/controllers/estoques_controller.rb:63:in `set_estoque'
  Rendering layout layouts/application.html.erb
  Rendering estoques/show.html.erb within layouts/application
  Rendered estoques/_estoque.html.erb (Duration: 0.2ms | Allocations: 251)
  Rendered estoques/show.html.erb within layouts/application (Duration: 1.5ms | Allocations: 1131)
  Rendered layout layouts/application.html.erb (Duration: 5.0ms | Allocations: 7009)
Completed 200 OK in 18ms (Views: 5.9ms | ActiveRecord: 8.1ms | Allocations: 12971)


Started GET "/estoques/1" for ::1 at 2024-09-05 21:35:14 -0300
Processing by EstoquesController#show as HTML
  Parameters: {"id"=>"1"}
  [1m[36mEstoque Load (0.2ms)[0m  [1m[34mSELECT "estoques".* FROM "estoques" WHERE "estoques"."id" = $1 LIMIT $2[0m  [["id", 1], ["LIMIT", 1]]
  ↳ app/controllers/estoques_controller.rb:63:in `set_estoque'
  Rendering layout layouts/application.html.erb
  Rendering estoques/show.html.erb within layouts/application
  Rendered estoques/_estoque.html.erb (Duration: 0.1ms | Allocations: 25)
  Rendered estoques/show.html.erb within layouts/application (Duration: 0.9ms | Allocations: 478)
  Rendered layout layouts/application.html.erb (Duration: 6.3ms | Allocations: 5962)
Completed 200 OK in 8ms (Views: 6.6ms | ActiveRecord: 0.2ms | Allocations: 6627)


Started GET "/estoques/1" for ::1 at 2024-09-05 21:35:30 -0300
Processing by EstoquesController#show as HTML
  Parameters: {"id"=>"1"}
  [1m[36mEstoque Load (0.2ms)[0m  [1m[34mSELECT "estoques".* FROM "estoques" WHERE "estoques"."id" = $1 LIMIT $2[0m  [["id", 1], ["LIMIT", 1]]
  ↳ app/controllers/estoques_controller.rb:63:in `set_estoque'
  Rendering layout layouts/application.html.erb
  Rendering estoques/show.html.erb within layouts/application
  Rendered estoques/_estoque.html.erb (Duration: 0.2ms | Allocations: 251)
  Rendered estoques/show.html.erb within layouts/application (Duration: 1.7ms | Allocations: 1119)
  Rendered layout layouts/application.html.erb (Duration: 6.2ms | Allocations: 7025)
Completed 200 OK in 23ms (Views: 7.2ms | ActiveRecord: 7.6ms | Allocations: 13103)


Started GET "/estoques/1" for ::1 at 2024-09-05 23:32:57 -0300
  [1m[36mActiveRecord::SchemaMigration Load (1.4ms)[0m  [1m[34mSELECT "schema_migrations"."version" FROM "schema_migrations" ORDER BY "schema_migrations"."version" ASC[0m
Processing by EstoquesController#show as HTML
  Parameters: {"id"=>"1"}
  [1m[36mEstoque Load (1.0ms)[0m  [1m[34mSELECT "estoques".* FROM "estoques" WHERE "estoques"."id" = $1 LIMIT $2[0m  [["id", 1], ["LIMIT", 1]]
  ↳ app/controllers/estoques_controller.rb:63:in `set_estoque'
  Rendering layout layouts/application.html.erb
  Rendering estoques/show.html.erb within layouts/application
  Rendered estoques/_estoque.html.erb (Duration: 0.2ms | Allocations: 303)
  Rendered estoques/show.html.erb within layouts/application (Duration: 6.7ms | Allocations: 2865)
  Rendered layout layouts/application.html.erb (Duration: 36.6ms | Allocations: 31385)
Completed 200 OK in 107ms (Views: 40.3ms | ActiveRecord: 17.9ms | Allocations: 53789)


Started GET "/estoques" for ::1 at 2024-09-05 23:33:00 -0300
Processing by EstoquesController#index as HTML
  Rendering layout layouts/application.html.erb
  Rendering estoques/index.html.erb within layouts/application
  [1m[36mEstoque Load (33.6ms)[0m  [1m[34mSELECT "estoques".* FROM "estoques"[0m
  ↳ app/views/estoques/index.html.erb:19
  Rendered estoques/_estoque.html.erb (Duration: 0.2ms | Allocations: 25)
  Rendered estoques/index.html.erb within layouts/application (Duration: 44.2ms | Allocations: 1123)
  Rendered layout layouts/application.html.erb (Duration: 49.9ms | Allocations: 6612)
Completed 200 OK in 55ms (Views: 19.1ms | ActiveRecord: 33.6ms | Allocations: 6955)


  [1m[35m (0.7ms)[0m  [1m[34mSELECT pg_try_advisory_lock(2646436733581968495)[0m
  [1m[36mActiveRecord::SchemaMigration Load (1.1ms)[0m  [1m[34mSELECT "schema_migrations"."version" FROM "schema_migrations" ORDER BY "schema_migrations"."version" ASC[0m
  [1m[36mActiveRecord::InternalMetadata Load (2.6ms)[0m  [1m[34mSELECT * FROM "ar_internal_metadata" WHERE "ar_internal_metadata"."key" = $1 ORDER BY "ar_internal_metadata"."key" ASC LIMIT 1[0m  [[nil, "environment"]]
Migrating to CreateProdutos (20240906023907)
  [1m[36mTRANSACTION (0.1ms)[0m  [1m[35mBEGIN[0m
  [1m[35m (36.1ms)[0m  [1m[35mCREATE TABLE "produtos" ("id" bigserial primary key, "nome" character varying, "desc" character varying, "created_at" timestamp(6) NOT NULL, "updated_at" timestamp(6) NOT NULL)[0m
  [1m[36mActiveRecord::SchemaMigration Create (1.4ms)[0m  [1m[32mINSERT INTO "schema_migrations" ("version") VALUES ('20240906023907') RETURNING "version"[0m
  [1m[36mTRANSACTION (0.5ms)[0m  [1m[35mCOMMIT[0m
  [1m[35m (0.3ms)[0m  [1m[34mSELECT pg_advisory_unlock(2646436733581968495)[0m
  [1m[36mActiveRecord::SchemaMigration Load (0.1ms)[0m  [1m[34mSELECT "schema_migrations"."version" FROM "schema_migrations" ORDER BY "schema_migrations"."version" ASC[0m
Started GET "/estoques" for ::1 at 2024-09-05 23:40:01 -0300
  [1m[36mActiveRecord::SchemaMigration Load (1.1ms)[0m  [1m[34mSELECT "schema_migrations"."version" FROM "schema_migrations" ORDER BY "schema_migrations"."version" ASC[0m
Processing by EstoquesController#index as HTML
  Rendering layout layouts/application.html.erb
  Rendering estoques/index.html.erb within layouts/application
  [1m[36mEstoque Load (1.5ms)[0m  [1m[34mSELECT "estoques".* FROM "estoques"[0m
  ↳ app/views/estoques/index.html.erb:19
  Rendered estoques/_estoque.html.erb (Duration: 0.2ms | Allocations: 304)
  Rendered estoques/index.html.erb within layouts/application (Duration: 60.9ms | Allocations: 13325)
  Rendered layout layouts/application.html.erb (Duration: 90.9ms | Allocations: 40403)
Completed 500 Internal Server Error in 111ms (ActiveRecord: 25.7ms | Allocations: 50297)


  
ActionView::Template::Error (undefined local variable or method `new_produtos_path' for #<ActionView::Base:0x0000000000b900>):
    27:                 Estoque
    28:               </a>
    29:               <ul class="dropdown-menu bg-dark text-white" aria-labelledby="navbarDropdown">
    30:                 <li><%= link_to 'Cadastrar Produto', new_produtos_path, class: 'dropdown-item' %></li>
    31:                 <li><%= link_to 'Listar Produtos', produtos_path, class: 'dropdown-item' %></li>
    32:               </ul>
    33:             </li>
  
app/views/layouts/application.html.erb:30
Started GET "/estoques" for ::1 at 2024-09-05 23:40:09 -0300
Processing by EstoquesController#index as HTML
  Rendering layout layouts/application.html.erb
  Rendering estoques/index.html.erb within layouts/application
  [1m[36mEstoque Load (1.5ms)[0m  [1m[34mSELECT "estoques".* FROM "estoques"[0m
  ↳ app/views/estoques/index.html.erb:19
  Rendered estoques/_estoque.html.erb (Duration: 0.2ms | Allocations: 251)
  Rendered estoques/index.html.erb within layouts/application (Duration: 11.2ms | Allocations: 4978)
  Rendered layout layouts/application.html.erb (Duration: 15.2ms | Allocations: 11014)
Completed 200 OK in 18ms (Views: 8.3ms | ActiveRecord: 7.7ms | Allocations: 12610)


Started GET "/estoques" for ::1 at 2024-09-05 23:40:20 -0300
Processing by EstoquesController#index as HTML
  Rendering layout layouts/application.html.erb
  Rendering estoques/index.html.erb within layouts/application
  [1m[36mEstoque Load (0.9ms)[0m  [1m[34mSELECT "estoques".* FROM "estoques"[0m
  ↳ app/views/estoques/index.html.erb:19
  Rendered estoques/_estoque.html.erb (Duration: 0.2ms | Allocations: 251)
  Rendered estoques/index.html.erb within layouts/application (Duration: 11.0ms | Allocations: 4898)
  Rendered layout layouts/application.html.erb (Duration: 15.0ms | Allocations: 10834)
Completed 200 OK in 18ms (Views: 8.4ms | ActiveRecord: 7.3ms | Allocations: 12385)


Started GET "/estoques" for ::1 at 2024-09-05 23:41:04 -0300
Processing by EstoquesController#index as HTML
  Rendering layout layouts/application.html.erb
  Rendering estoques/index.html.erb within layouts/application
  [1m[36mEstoque Load (1.0ms)[0m  [1m[34mSELECT "estoques".* FROM "estoques"[0m
  ↳ app/views/estoques/index.html.erb:19
  Rendered estoques/_estoque.html.erb (Duration: 0.3ms | Allocations: 251)
  Rendered estoques/index.html.erb within layouts/application (Duration: 10.9ms | Allocations: 4927)
  Rendered layout layouts/application.html.erb (Duration: 15.5ms | Allocations: 10943)
Completed 200 OK in 19ms (Views: 8.8ms | ActiveRecord: 7.5ms | Allocations: 12501)


Started GET "/estoques" for ::1 at 2024-09-05 23:41:18 -0300
Processing by EstoquesController#index as HTML
  Rendering layout layouts/application.html.erb
  Rendering estoques/index.html.erb within layouts/application
  [1m[36mEstoque Load (14.4ms)[0m  [1m[34mSELECT "estoques".* FROM "estoques"[0m
  ↳ app/views/estoques/index.html.erb:19
  Rendered estoques/_estoque.html.erb (Duration: 0.2ms | Allocations: 251)
  Rendered estoques/index.html.erb within layouts/application (Duration: 24.8ms | Allocations: 4901)
  Rendered layout layouts/application.html.erb (Duration: 28.4ms | Allocations: 10837)
Completed 200 OK in 32ms (Views: 7.9ms | ActiveRecord: 21.1ms | Allocations: 12390)


Started GET "/produtos/new" for ::1 at 2024-09-05 23:41:41 -0300
Processing by ProdutosController#new as HTML
  Rendering layout layouts/application.html.erb
  Rendering produtos/new.html.erb within layouts/application
  Rendered produtos/_form.html.erb (Duration: 2.3ms | Allocations: 1927)
  Rendered produtos/new.html.erb within layouts/application (Duration: 2.9ms | Allocations: 2221)
  Rendered layout layouts/application.html.erb (Duration: 6.8ms | Allocations: 8220)
Completed 200 OK in 16ms (Views: 7.6ms | ActiveRecord: 5.8ms | Allocations: 12317)


Started GET "/estoques/new" for ::1 at 2024-09-05 23:41:50 -0300
Processing by EstoquesController#new as HTML
  Rendering layout layouts/application.html.erb
  Rendering estoques/new.html.erb within layouts/application
  Rendered estoques/_form.html.erb (Duration: 3.8ms | Allocations: 1917)
  Rendered estoques/new.html.erb within layouts/application (Duration: 5.2ms | Allocations: 2207)
  Rendered layout layouts/application.html.erb (Duration: 11.6ms | Allocations: 7739)
Completed 200 OK in 23ms (Views: 12.8ms | ActiveRecord: 3.3ms | Allocations: 11916)


Started GET "/produtos/new" for ::1 at 2024-09-05 23:42:01 -0300
Processing by ProdutosController#new as HTML
  Rendering layout layouts/application.html.erb
  Rendering produtos/new.html.erb within layouts/application
  Rendered produtos/_form.html.erb (Duration: 3.1ms | Allocations: 763)
  Rendered produtos/new.html.erb within layouts/application (Duration: 3.5ms | Allocations: 842)
  Rendered layout layouts/application.html.erb (Duration: 12.6ms | Allocations: 6370)
Completed 200 OK in 15ms (Views: 13.6ms | ActiveRecord: 0.0ms | Allocations: 6619)


Started POST "/produtos" for ::1 at 2024-09-05 23:42:12 -0300
Processing by ProdutosController#create as HTML
  Parameters: {"authenticity_token"=>"[FILTERED]", "produto"=>{"nome"=>"CAMARÃO 7 BARBAS", "desc"=>""}, "commit"=>"Create Produto"}
  [1m[36mTRANSACTION (11.0ms)[0m  [1m[35mBEGIN[0m
  ↳ app/controllers/produtos_controller.rb:27:in `block in create'
  [1m[36mProduto Create (17.6ms)[0m  [1m[32mINSERT INTO "produtos" ("nome", "desc", "created_at", "updated_at") VALUES ($1, $2, $3, $4) RETURNING "id"[0m  [["nome", "CAMARÃO 7 BARBAS"], ["desc", ""], ["created_at", "2024-09-06 02:42:12.432121"], ["updated_at", "2024-09-06 02:42:12.432121"]]
  ↳ app/controllers/produtos_controller.rb:27:in `block in create'
  [1m[36mTRANSACTION (0.3ms)[0m  [1m[35mCOMMIT[0m
  ↳ app/controllers/produtos_controller.rb:27:in `block in create'
Redirected to http://localhost:3000/produtos/1
Completed 302 Found in 25ms (ActiveRecord: 28.9ms | Allocations: 3366)


Started GET "/produtos/1" for ::1 at 2024-09-05 23:42:12 -0300
Processing by ProdutosController#show as HTML
  Parameters: {"id"=>"1"}
  [1m[36mProduto Load (0.6ms)[0m  [1m[34mSELECT "produtos".* FROM "produtos" WHERE "produtos"."id" = $1 LIMIT $2[0m  [["id", 1], ["LIMIT", 1]]
  ↳ app/controllers/produtos_controller.rb:63:in `set_produto'
  Rendering layout layouts/application.html.erb
  Rendering produtos/show.html.erb within layouts/application
  Rendered produtos/_produto.html.erb (Duration: 0.4ms | Allocations: 173)
  Rendered produtos/show.html.erb within layouts/application (Duration: 2.4ms | Allocations: 975)
  Rendered layout layouts/application.html.erb (Duration: 8.3ms | Allocations: 6500)
Completed 200 OK in 14ms (Views: 8.7ms | ActiveRecord: 0.9ms | Allocations: 9129)


Started GET "/produtos" for ::1 at 2024-09-05 23:42:17 -0300
Processing by ProdutosController#index as HTML
  Rendering layout layouts/application.html.erb
  Rendering produtos/index.html.erb within layouts/application
  [1m[36mProduto Load (0.6ms)[0m  [1m[34mSELECT "produtos".* FROM "produtos"[0m
  ↳ app/views/produtos/index.html.erb:6
  Rendered produtos/_produto.html.erb (Duration: 0.1ms | Allocations: 19)
  Rendered produtos/index.html.erb within layouts/application (Duration: 2.3ms | Allocations: 1015)
  Rendered layout layouts/application.html.erb (Duration: 8.5ms | Allocations: 6544)
Completed 200 OK in 9ms (Views: 8.3ms | ActiveRecord: 0.6ms | Allocations: 6878)


Started GET "/produtos/new" for ::1 at 2024-09-05 23:44:30 -0300
Processing by ProdutosController#new as HTML
  Rendering layout layouts/application.html.erb
  Rendering produtos/new.html.erb within layouts/application
  Rendered produtos/_form.html.erb (Duration: 0.9ms | Allocations: 1198)
  Rendered produtos/new.html.erb within layouts/application (Duration: 1.3ms | Allocations: 1487)
  Rendered layout layouts/application.html.erb (Duration: 5.7ms | Allocations: 7486)
Completed 200 OK in 13ms (Views: 6.5ms | ActiveRecord: 3.7ms | Allocations: 11554)


Started GET "/produtos" for ::1 at 2024-09-05 23:48:35 -0300
Processing by ProdutosController#index as HTML
  Rendering layout layouts/application.html.erb
  Rendering produtos/index.html.erb within layouts/application
  [1m[36mProduto Load (1.4ms)[0m  [1m[34mSELECT "produtos".* FROM "produtos"[0m
  ↳ app/views/produtos/index.html.erb:14
  Rendered produtos/_produto.html.erb (Duration: 0.2ms | Allocations: 179)
  Rendered produtos/index.html.erb within layouts/application (Duration: 11.7ms | Allocations: 3931)
  Rendered layout layouts/application.html.erb (Duration: 17.5ms | Allocations: 9867)
Completed 200 OK in 20ms (Views: 10.0ms | ActiveRecord: 8.5ms | Allocations: 11417)


Started GET "/produtos" for ::1 at 2024-09-05 23:50:48 -0300
Processing by ProdutosController#index as HTML
  Rendering layout layouts/application.html.erb
  Rendering produtos/index.html.erb within layouts/application
  [1m[36mProduto Load (12.4ms)[0m  [1m[34mSELECT "produtos".* FROM "produtos"[0m
  ↳ app/views/produtos/index.html.erb:14
  Rendered produtos/_produto.html.erb (Duration: 0.2ms | Allocations: 179)
  Rendered produtos/index.html.erb within layouts/application (Duration: 21.7ms | Allocations: 3987)
  Rendered layout layouts/application.html.erb (Duration: 26.7ms | Allocations: 10001)
Completed 200 OK in 29ms (Views: 9.2ms | ActiveRecord: 18.4ms | Allocations: 11557)


Started GET "/produtos/1" for ::1 at 2024-09-05 23:50:49 -0300
Processing by ProdutosController#show as HTML
  Parameters: {"id"=>"1"}
  [1m[36mProduto Load (0.3ms)[0m  [1m[34mSELECT "produtos".* FROM "produtos" WHERE "produtos"."id" = $1 LIMIT $2[0m  [["id", 1], ["LIMIT", 1]]
  ↳ app/controllers/produtos_controller.rb:63:in `set_produto'
  Rendering layout layouts/application.html.erb
  Rendering produtos/show.html.erb within layouts/application
  Rendered produtos/_produto.html.erb (Duration: 0.1ms | Allocations: 179)
  Rendered produtos/show.html.erb within layouts/application (Duration: 0.9ms | Allocations: 1034)
  Rendered layout layouts/application.html.erb (Duration: 3.4ms | Allocations: 6949)
Completed 200 OK in 12ms (Views: 4.0ms | ActiveRecord: 5.5ms | Allocations: 12071)


Started GET "/produtos" for ::1 at 2024-09-05 23:50:52 -0300
Processing by ProdutosController#index as HTML
  Rendering layout layouts/application.html.erb
  Rendering produtos/index.html.erb within layouts/application
  [1m[36mProduto Load (0.4ms)[0m  [1m[34mSELECT "produtos".* FROM "produtos"[0m
  ↳ app/views/produtos/index.html.erb:14
  Rendered produtos/_produto.html.erb (Duration: 0.2ms | Allocations: 179)
  Rendered produtos/index.html.erb within layouts/application (Duration: 7.2ms | Allocations: 3939)
  Rendered layout layouts/application.html.erb (Duration: 9.7ms | Allocations: 9953)
Completed 200 OK in 11ms (Views: 5.7ms | ActiveRecord: 4.6ms | Allocations: 11509)


Started GET "/produtos/1" for ::1 at 2024-09-05 23:51:03 -0300
Processing by ProdutosController#show as HTML
  Parameters: {"id"=>"1"}
  [1m[36mProduto Load (3.4ms)[0m  [1m[34mSELECT "produtos".* FROM "produtos" WHERE "produtos"."id" = $1 LIMIT $2[0m  [["id", 1], ["LIMIT", 1]]
  ↳ app/controllers/produtos_controller.rb:63:in `set_produto'
  Rendering layout layouts/application.html.erb
  Rendering produtos/show.html.erb within layouts/application
  Rendered produtos/_produto.html.erb (Duration: 0.1ms | Allocations: 19)
  Rendered produtos/show.html.erb within layouts/application (Duration: 2.8ms | Allocations: 697)
  Rendered layout layouts/application.html.erb (Duration: 8.5ms | Allocations: 6221)
Completed 200 OK in 50ms (Views: 9.1ms | ActiveRecord: 3.2ms | Allocations: 7579)


Started GET "/produtos" for ::1 at 2024-09-05 23:51:05 -0300
Processing by ProdutosController#index as HTML
  Rendering layout layouts/application.html.erb
  Rendering produtos/index.html.erb within layouts/application
  [1m[36mProduto Load (1.6ms)[0m  [1m[34mSELECT "produtos".* FROM "produtos"[0m
  ↳ app/views/produtos/index.html.erb:14
  Rendered produtos/_produto.html.erb (Duration: 0.1ms | Allocations: 19)
  Rendered produtos/index.html.erb within layouts/application (Duration: 5.6ms | Allocations: 796)
  Rendered layout layouts/application.html.erb (Duration: 16.0ms | Allocations: 6326)
Completed 200 OK in 18ms (Views: 15.3ms | ActiveRecord: 1.6ms | Allocations: 6573)


Started GET "/produtos" for ::1 at 2024-09-05 23:52:42 -0300
Processing by ProdutosController#index as HTML
  Rendering layout layouts/application.html.erb
  Rendering produtos/index.html.erb within layouts/application
  [1m[36mProduto Load (1.3ms)[0m  [1m[34mSELECT "produtos".* FROM "produtos"[0m
  ↳ app/views/produtos/index.html.erb:14
  Rendered produtos/_produto.html.erb (Duration: 0.3ms | Allocations: 179)
  Rendered produtos/index.html.erb within layouts/application (Duration: 12.8ms | Allocations: 3910)
  Rendered layout layouts/application.html.erb (Duration: 17.7ms | Allocations: 9846)
Completed 200 OK in 20ms (Views: 9.4ms | ActiveRecord: 9.2ms | Allocations: 11400)


Started GET "/produtos" for ::1 at 2024-09-05 23:52:52 -0300
Processing by ProdutosController#index as HTML
  Rendering layout layouts/application.html.erb
  Rendering produtos/index.html.erb within layouts/application
  [1m[36mProduto Load (1.3ms)[0m  [1m[34mSELECT "produtos".* FROM "produtos"[0m
  ↳ app/views/produtos/index.html.erb:15
  Rendered produtos/_produto.html.erb (Duration: 0.2ms | Allocations: 179)
  Rendered produtos/index.html.erb within layouts/application (Duration: 11.0ms | Allocations: 3990)
  Rendered layout layouts/application.html.erb (Duration: 14.3ms | Allocations: 10005)
Completed 200 OK in 16ms (Views: 7.0ms | ActiveRecord: 8.1ms | Allocations: 11561)


Started GET "/produtos/1" for ::1 at 2024-09-05 23:52:54 -0300
Processing by ProdutosController#show as HTML
  Parameters: {"id"=>"1"}
  [1m[36mProduto Load (13.6ms)[0m  [1m[34mSELECT "produtos".* FROM "produtos" WHERE "produtos"."id" = $1 LIMIT $2[0m  [["id", 1], ["LIMIT", 1]]
  ↳ app/controllers/produtos_controller.rb:63:in `set_produto'
  Rendering layout layouts/application.html.erb
  Rendering produtos/show.html.erb within layouts/application
  Rendered produtos/_produto.html.erb (Duration: 0.1ms | Allocations: 19)
  Rendered produtos/show.html.erb within layouts/application (Duration: 2.7ms | Allocations: 690)
  Rendered layout layouts/application.html.erb (Duration: 10.4ms | Allocations: 6214)
Completed 200 OK in 31ms (Views: 11.0ms | ActiveRecord: 13.5ms | Allocations: 7571)


Started GET "/produtos" for ::1 at 2024-09-05 23:52:57 -0300
Processing by ProdutosController#index as HTML
  Rendering layout layouts/application.html.erb
  Rendering produtos/index.html.erb within layouts/application
  [1m[36mProduto Load (0.4ms)[0m  [1m[34mSELECT "produtos".* FROM "produtos"[0m
  ↳ app/views/produtos/index.html.erb:15
  Rendered produtos/_produto.html.erb (Duration: 0.2ms | Allocations: 179)
  Rendered produtos/index.html.erb within layouts/application (Duration: 7.2ms | Allocations: 3916)
  Rendered layout layouts/application.html.erb (Duration: 10.0ms | Allocations: 9852)
Completed 200 OK in 11ms (Views: 5.6ms | ActiveRecord: 5.0ms | Allocations: 11403)


